<?xml version="1.0" encoding="UTF-8"?>
<!-- Generated by org.testng.reporters.JUnitReportReporter -->
<testsuite hostname="X0269A" name="org.jclouds.aliyun.AliyunApiMetadataTest" tests="4" failures="0" timestamp="23 Apr 2015 12:49:58 GMT" time="0.044" errors="0">
  <testcase name="testTransformableToContains" time="0.005" classname="org.jclouds.aliyun.AliyunApiMetadataTest"/>
  <testcase name="testWithId" time="0.014" classname="org.jclouds.aliyun.AliyunApiMetadataTest"/>
  <testcase name="testAllContains" time="0.011" classname="org.jclouds.aliyun.AliyunApiMetadataTest"/>
  <testcase name="testAliyunApiRegistered" time="0.014" classname="org.jclouds.aliyun.AliyunApiMetadataTest"/>
</testsuite> <!-- org.jclouds.aliyun.AliyunApiMetadataTest -->
