<?xml version="1.0" encoding="UTF-8"?>
<!-- Generated by org.testng.reporters.JUnitReportReporter -->
<testsuite hostname="X0269A" name="org.jclouds.aliyun.AliyunApiMetadataTest" tests="4" failures="0" timestamp="23 Apr 2015 11:41:26 GMT" time="0.041" errors="0">
  <testcase name="testWithId" time="0.013" classname="org.jclouds.aliyun.AliyunApiMetadataTest"/>
  <testcase name="testAliyunApiRegistered" time="0.013" classname="org.jclouds.aliyun.AliyunApiMetadataTest"/>
  <testcase name="testAllContains" time="0.010" classname="org.jclouds.aliyun.AliyunApiMetadataTest"/>
  <testcase name="testTransformableToContains" time="0.005" classname="org.jclouds.aliyun.AliyunApiMetadataTest"/>
</testsuite> <!-- org.jclouds.aliyun.AliyunApiMetadataTest -->
