<?xml version="1.0" encoding="UTF-8"?>
<!-- Generated by org.testng.reporters.JUnitReportReporter -->
<testsuite hostname="X0269A" name="org.jclouds.aliyun.functions.auth.GetTokenFromApiTest" tests="4" failures="0" timestamp="23 Apr 2015 12:49:58 GMT" time="0.329" errors="0">
  <testcase name="testGetTokenWithOtherHttpCookie" time="0.084" classname="org.jclouds.aliyun.functions.auth.GetTokenFromApiTest"/>
  <testcase name="testGetTokenWithOtherHeaders" time="0.083" classname="org.jclouds.aliyun.functions.auth.GetTokenFromApiTest"/>
  <testcase name="testGetTokenWithoutHeaders" time="0.078" classname="org.jclouds.aliyun.functions.auth.GetTokenFromApiTest"/>
  <testcase name="testGetTokenWithAuthenticationHttpCookie" time="0.084" classname="org.jclouds.aliyun.functions.auth.GetTokenFromApiTest"/>
</testsuite> <!-- org.jclouds.aliyun.functions.auth.GetTokenFromApiTest -->
