<?xml version="1.0" encoding="UTF-8"?>
<!-- Generated by org.testng.reporters.JUnitReportReporter -->
<testsuite hostname="X0269A" name="org.jclouds.aliyun.http.filters.AliyunAuthenticationTest" tests="2" failures="0" timestamp="23 Apr 2015 12:49:58 GMT" time="0.016" errors="0">
  <testcase name="testAuthenticateWithToken" time="0.012" classname="org.jclouds.aliyun.http.filters.AliyunAuthenticationTest"/>
  <testcase name="testAuthenticateWithoutToken" time="0.004" classname="org.jclouds.aliyun.http.filters.AliyunAuthenticationTest"/>
</testsuite> <!-- org.jclouds.aliyun.http.filters.AliyunAuthenticationTest -->
